<?xml version="1.0" encoding="UTF-8"?>
<testsuite xmlns:xsi="http://www.w3.org/2001/XMLSchema-instance" xsi:noNamespaceSchemaLocation="https://maven.apache.org/surefire/maven-surefire-plugin/xsd/surefire-test-report.xsd" name="com.magbadelo.jonathan.i2cscw.CipherTest" time="0.334" tests="100" errors="0" skipped="0" failures="0">
  <properties>
[...]
</properties>
  <testcase name="tester[0]" classname="com.magbadelo.jonathan.i2cscw.CipherTest" time="0.004"/>
  <testcase name="tester[1]" classname="com.magbadelo.jonathan.i2cscw.CipherTest" time="0.001"/>
  <testcase name="tester[2]" classname="com.magbadelo.jonathan.i2cscw.CipherTest" time="0"/>
  <testcase name="tester[3]" classname="com.magbadelo.jonathan.i2cscw.CipherTest" time="0"/>
  <testcase name="tester[4]" classname="com.magbadelo.jonathan.i2cscw.CipherTest" time="0"/>
  <testcase name="tester[5]" classname="com.magbadelo.jonathan.i2cscw.CipherTest" time="0"/>
  <testcase name="tester[6]" classname="com.magbadelo.jonathan.i2cscw.CipherTest" time="0"/>
  <testcase name="tester[7]" classname="com.magbadelo.jonathan.i2cscw.CipherTest" time="0.001"/>
  <testcase name="tester[8]" classname="com.magbadelo.jonathan.i2cscw.CipherTest" time="0"/>
  <testcase name="tester[9]" classname="com.magbadelo.jonathan.i2cscw.CipherTest" time="0.001"/>
  <testcase name="tester[10]" classname="com.magbadelo.jonathan.i2cscw.CipherTest" time="0"/>
  <testcase name="tester[11]" classname="com.magbadelo.jonathan.i2cscw.CipherTest" time="0.001"/>
  <testcase name="tester[12]" classname="com.magbadelo.jonathan.i2cscw.CipherTest" time="0"/>
  <testcase name="tester[13]" classname="com.magbadelo.jonathan.i2cscw.CipherTest" time="0"/>
  <testcase name="tester[14]" classname="com.magbadelo.jonathan.i2cscw.CipherTest" time="0"/>
  <testcase name="tester[15]" classname="com.magbadelo.jonathan.i2cscw.CipherTest" time="0.001"/>
  <testcase name="tester[16]" classname="com.magbadelo.jonathan.i2cscw.CipherTest" time="0.001"/>
  <testcase name="tester[17]" classname="com.magbadelo.jonathan.i2cscw.CipherTest" time="0"/>
  <testcase name="tester[18]" classname="com.magbadelo.jonathan.i2cscw.CipherTest" time="0"/>
  <testcase name="tester[19]" classname="com.magbadelo.jonathan.i2cscw.CipherTest" time="0.001"/>
  <testcase name="tester[20]" classname="com.magbadelo.jonathan.i2cscw.CipherTest" time="0"/>
  <testcase name="tester[21]" classname="com.magbadelo.jonathan.i2cscw.CipherTest" time="0"/>
  <testcase name="tester[22]" classname="com.magbadelo.jonathan.i2cscw.CipherTest" time="0.001"/>
  <testcase name="tester[23]" classname="com.magbadelo.jonathan.i2cscw.CipherTest" time="0.001"/>
  <testcase name="tester[24]" classname="com.magbadelo.jonathan.i2cscw.CipherTest" time="0.001"/>
  <testcase name="tester[25]" classname="com.magbadelo.jonathan.i2cscw.CipherTest" time="0"/>
  <testcase name="tester[26]" classname="com.magbadelo.jonathan.i2cscw.CipherTest" time="0"/>
  <testcase name="tester[27]" classname="com.magbadelo.jonathan.i2cscw.CipherTest" time="0"/>
  <testcase name="tester[28]" classname="com.magbadelo.jonathan.i2cscw.CipherTest" time="0"/>
  <testcase name="tester[29]" classname="com.magbadelo.jonathan.i2cscw.CipherTest" time="0"/>
  <testcase name="tester[30]" classname="com.magbadelo.jonathan.i2cscw.CipherTest" time="0"/>
  <testcase name="tester[31]" classname="com.magbadelo.jonathan.i2cscw.CipherTest" time="0.001"/>
  <testcase name="tester[32]" classname="com.magbadelo.jonathan.i2cscw.CipherTest" time="0"/>
  <testcase name="tester[33]" classname="com.magbadelo.jonathan.i2cscw.CipherTest" time="0"/>
  <testcase name="tester[34]" classname="com.magbadelo.jonathan.i2cscw.CipherTest" time="0"/>
  <testcase name="tester[35]" classname="com.magbadelo.jonathan.i2cscw.CipherTest" time="0"/>
  <testcase name="tester[36]" classname="com.magbadelo.jonathan.i2cscw.CipherTest" time="0"/>
  <testcase name="tester[37]" classname="com.magbadelo.jonathan.i2cscw.CipherTest" time="0.001"/>
  <testcase name="tester[38]" classname="com.magbadelo.jonathan.i2cscw.CipherTest" time="0"/>
  <testcase name="tester[39]" classname="com.magbadelo.jonathan.i2cscw.CipherTest" time="0"/>
  <testcase name="tester[40]" classname="com.magbadelo.jonathan.i2cscw.CipherTest" time="0"/>
  <testcase name="tester[41]" classname="com.magbadelo.jonathan.i2cscw.CipherTest" time="0"/>
  <testcase name="tester[42]" classname="com.magbadelo.jonathan.i2cscw.CipherTest" time="0"/>
  <testcase name="tester[43]" classname="com.magbadelo.jonathan.i2cscw.CipherTest" time="0.001"/>
  <testcase name="tester[44]" classname="com.magbadelo.jonathan.i2cscw.CipherTest" time="0"/>
  <testcase name="tester[45]" classname="com.magbadelo.jonathan.i2cscw.CipherTest" time="0"/>
  <testcase name="tester[46]" classname="com.magbadelo.jonathan.i2cscw.CipherTest" time="0"/>
  <testcase name="tester[47]" classname="com.magbadelo.jonathan.i2cscw.CipherTest" time="0"/>
  <testcase name="tester[48]" classname="com.magbadelo.jonathan.i2cscw.CipherTest" time="0"/>
  <testcase name="tester[49]" classname="com.magbadelo.jonathan.i2cscw.CipherTest" time="0"/>
  <testcase name="tester[50]" classname="com.magbadelo.jonathan.i2cscw.CipherTest" time="0.001"/>
  <testcase name="tester[51]" classname="com.magbadelo.jonathan.i2cscw.CipherTest" time="0"/>
  <testcase name="tester[52]" classname="com.magbadelo.jonathan.i2cscw.CipherTest" time="0"/>
  <testcase name="tester[53]" classname="com.magbadelo.jonathan.i2cscw.CipherTest" time="0"/>
  <testcase name="tester[54]" classname="com.magbadelo.jonathan.i2cscw.CipherTest" time="0"/>
  <testcase name="tester[55]" classname="com.magbadelo.jonathan.i2cscw.CipherTest" time="0"/>
  <testcase name="tester[56]" classname="com.magbadelo.jonathan.i2cscw.CipherTest" time="0"/>
  <testcase name="tester[57]" classname="com.magbadelo.jonathan.i2cscw.CipherTest" time="0"/>
  <testcase name="tester[58]" classname="com.magbadelo.jonathan.i2cscw.CipherTest" time="0"/>
  <testcase name="tester[59]" classname="com.magbadelo.jonathan.i2cscw.CipherTest" time="0"/>
  <testcase name="tester[60]" classname="com.magbadelo.jonathan.i2cscw.CipherTest" time="0"/>
  <testcase name="tester[61]" classname="com.magbadelo.jonathan.i2cscw.CipherTest" time="0.001"/>
  <testcase name="tester[62]" classname="com.magbadelo.jonathan.i2cscw.CipherTest" time="0"/>
  <testcase name="tester[63]" classname="com.magbadelo.jonathan.i2cscw.CipherTest" time="0"/>
  <testcase name="tester[64]" classname="com.magbadelo.jonathan.i2cscw.CipherTest" time="0"/>
  <testcase name="tester[65]" classname="com.magbadelo.jonathan.i2cscw.CipherTest" time="0"/>
  <testcase name="tester[66]" classname="com.magbadelo.jonathan.i2cscw.CipherTest" time="0.001"/>
  <testcase name="tester[67]" classname="com.magbadelo.jonathan.i2cscw.CipherTest" time="0"/>
  <testcase name="tester[68]" classname="com.magbadelo.jonathan.i2cscw.CipherTest" time="0.001"/>
  <testcase name="tester[69]" classname="com.magbadelo.jonathan.i2cscw.CipherTest" time="0"/>
  <testcase name="tester[70]" classname="com.magbadelo.jonathan.i2cscw.CipherTest" time="0"/>
  <testcase name="tester[71]" classname="com.magbadelo.jonathan.i2cscw.CipherTest" time="0"/>
  <testcase name="tester[72]" classname="com.magbadelo.jonathan.i2cscw.CipherTest" time="0.001"/>
  <testcase name="tester[73]" classname="com.magbadelo.jonathan.i2cscw.CipherTest" time="0"/>
  <testcase name="tester[74]" classname="com.magbadelo.jonathan.i2cscw.CipherTest" time="0"/>
  <testcase name="tester[75]" classname="com.magbadelo.jonathan.i2cscw.CipherTest" time="0.001"/>
  <testcase name="tester[76]" classname="com.magbadelo.jonathan.i2cscw.CipherTest" time="0"/>
  <testcase name="tester[77]" classname="com.magbadelo.jonathan.i2cscw.CipherTest" time="0"/>
  <testcase name="tester[78]" classname="com.magbadelo.jonathan.i2cscw.CipherTest" time="0"/>
  <testcase name="tester[79]" classname="com.magbadelo.jonathan.i2cscw.CipherTest" time="0.001"/>
  <testcase name="tester[80]" classname="com.magbadelo.jonathan.i2cscw.CipherTest" time="0"/>
  <testcase name="tester[81]" classname="com.magbadelo.jonathan.i2cscw.CipherTest" time="0"/>
  <testcase name="tester[82]" classname="com.magbadelo.jonathan.i2cscw.CipherTest" time="0"/>
  <testcase name="tester[83]" classname="com.magbadelo.jonathan.i2cscw.CipherTest" time="0.001"/>
  <testcase name="tester[84]" classname="com.magbadelo.jonathan.i2cscw.CipherTest" time="0.128"/>
  <testcase name="tester[85]" classname="com.magbadelo.jonathan.i2cscw.CipherTest" time="0"/>
  <testcase name="tester[86]" classname="com.magbadelo.jonathan.i2cscw.CipherTest" time="0"/>
  <testcase name="tester[87]" classname="com.magbadelo.jonathan.i2cscw.CipherTest" time="0"/>
  <testcase name="tester[88]" classname="com.magbadelo.jonathan.i2cscw.CipherTest" time="0"/>
  <testcase name="tester[89]" classname="com.magbadelo.jonathan.i2cscw.CipherTest" time="0.001"/>
  <testcase name="tester[90]" classname="com.magbadelo.jonathan.i2cscw.CipherTest" time="0"/>
  <testcase name="tester[91]" classname="com.magbadelo.jonathan.i2cscw.CipherTest" time="0"/>
  <testcase name="tester[92]" classname="com.magbadelo.jonathan.i2cscw.CipherTest" time="0"/>
  <testcase name="tester[93]" classname="com.magbadelo.jonathan.i2cscw.CipherTest" time="0"/>
  <testcase name="tester[94]" classname="com.magbadelo.jonathan.i2cscw.CipherTest" time="0"/>
  <testcase name="tester[95]" classname="com.magbadelo.jonathan.i2cscw.CipherTest" time="0"/>
  <testcase name="tester[96]" classname="com.magbadelo.jonathan.i2cscw.CipherTest" time="0"/>
  <testcase name="tester[97]" classname="com.magbadelo.jonathan.i2cscw.CipherTest" time="0"/>
  <testcase name="tester[98]" classname="com.magbadelo.jonathan.i2cscw.CipherTest" time="0"/>
  <testcase name="tester[99]" classname="com.magbadelo.jonathan.i2cscw.CipherTest" time="0"/>
</testsuite>